#
# There is insufficient memory for the Java Runtime Environment to continue.
# Native memory allocation (malloc) failed to allocate 206576 bytes for Chunk::new
# Possible reasons:
#   The system is out of physical RAM or swap space
#   The process is running with CompressedOops enabled, and the Java Heap may be blocking the growth of the native heap
# Possible solutions:
#   Reduce memory load on the system
#   Increase physical memory or swap space
#   Check if swap backing store is full
#   Decrease Java heap size (-Xmx/-Xms)
#   Decrease number of Java threads
#   Decrease Java thread stack sizes (-Xss)
#   Set larger code cache with -XX:ReservedCodeCacheSize=
#   JVM is running with Unscaled Compressed Oops mode in which the Java heap is
#     placed in the first 4GB address space. The Java Heap base address is the
#     maximum limit for the native heap growth. Please use -XX:HeapBaseMinAddress
#     to set the Java Heap base and to place the Java Heap above 4GB virtual address.
# This output file may be truncated or incomplete.
#
#  Out of Memory Error (allocation.cpp:389), pid=18660, tid=0x0000000000003644
#
# JRE version: Java(TM) SE Runtime Environment (8.0_211-b12) (build 1.8.0_211-b12)
# Java VM: Java HotSpot(TM) 64-Bit Server VM (25.211-b12 mixed mode windows-amd64 compressed oops)
# Failed to write core dump. Minidumps are not enabled by default on client versions of Windows
#

---------------  T H R E A D  ---------------

Current thread (0x0000000017b4d000):  JavaThread "C2 CompilerThread1" daemon [_thread_in_native, id=13892, stack(0x0000000019280000,0x0000000019380000)]

Stack: [0x0000000019280000,0x0000000019380000]
[error occurred during error reporting (printing stack bounds), id 0xc0000005]

Native frames: (J=compiled Java code, j=interpreted, Vv=VM code, C=native code)


Current CompileTask:
C2:   4849 2689       4       com.sun.javafx.css.StyleMap::getCascadingStyles (404 bytes)


---------------  P R O C E S S  ---------------

Java Threads: ( => current thread )
  0x00000000211a3800 JavaThread "Keep-Alive-Timer" daemon [_thread_blocked, id=20228, stack(0x0000000023330000,0x0000000023430000)]
  0x0000000020d98000 JavaThread "Prism Font Disposer" daemon [_thread_blocked, id=11732, stack(0x0000000022b30000,0x0000000022c30000)]
  0x0000000019879800 JavaThread "Thread-3" daemon [_thread_in_native, id=3776, stack(0x0000000021470000,0x0000000021570000)]
  0x0000000019846800 JavaThread "JavaFX-Launcher" [_thread_blocked, id=15056, stack(0x0000000021570000,0x0000000021670000)]
  0x000000001982f000 JavaThread "JavaFX Application Thread" [_thread_in_Java, id=13416, stack(0x0000000019ec0000,0x0000000019fc0000)]
  0x0000000019827800 JavaThread "Thread-1" daemon [_thread_blocked, id=9028, stack(0x0000000019dc0000,0x0000000019ec0000)]
  0x00000000197c7000 JavaThread "QuantumRenderer-0" daemon [_thread_blocked, id=20060, stack(0x0000000019b90000,0x0000000019c90000)]
  0x00000000194a1800 JavaThread "Service Thread" daemon [_thread_blocked, id=13908, stack(0x0000000019880000,0x0000000019980000)]
  0x0000000017b5c000 JavaThread "C1 CompilerThread2" daemon [_thread_in_native, id=14784, stack(0x0000000019380000,0x0000000019480000)]
=>0x0000000017b4d000 JavaThread "C2 CompilerThread1" daemon [_thread_in_native, id=13892, stack(0x0000000019280000,0x0000000019380000)]
  0x0000000017b3d800 JavaThread "C2 CompilerThread0" daemon [_thread_in_native, id=18464, stack(0x0000000019180000,0x0000000019280000)]
  0x0000000017b3b800 JavaThread "Attach Listener" daemon [_thread_blocked, id=10000, stack(0x0000000019080000,0x0000000019180000)]
  0x0000000017b3a000 JavaThread "Signal Dispatcher" daemon [_thread_blocked, id=20224, stack(0x0000000018f80000,0x0000000019080000)]
  0x000000000309b800 JavaThread "Finalizer" daemon [_thread_blocked, id=880, stack(0x0000000018d90000,0x0000000018e90000)]
  0x0000000003091000 JavaThread "Reference Handler" daemon [_thread_blocked, id=1072, stack(0x0000000018c90000,0x0000000018d90000)]
  0x000000000140e000 JavaThread "main" [_thread_blocked, id=20244, stack(0x0000000002ea0000,0x0000000002fa0000)]

Other Threads:
  0x0000000017b07800 VMThread [stack: 0x0000000018b90000,0x0000000018c90000] [id=20260]
  0x00000000194bb000 WatcherThread [stack: 0x0000000019980000,0x0000000019a80000] [id=13160]

VM state:not at safepoint (normal execution)

VM Mutex/Monitor currently owned by a thread: None

OutOfMemory and StackOverflow Exception counts:
OutOfMemoryError java_heap_errors=1

heap address: 0x0000000082800000, size: 2008 MB, Compressed Oops mode: 32-bit
Narrow klass base: 0x0000000000000000, Narrow klass shift: 3
Compressed class space size: 1073741824 Address: 0x0000000100000000

Heap:
 PSYoungGen      total 37888K, used 2596K [0x00000000d6300000, 0x00000000d8d00000, 0x0000000100000000)
  eden space 32768K, 7% used [0x00000000d6300000,0x00000000d6589188,0x00000000d8300000)
  from space 5120K, 0% used [0x00000000d8800000,0x00000000d8800000,0x00000000d8d00000)
  to   space 5120K, 0% used [0x00000000d8300000,0x00000000d8300000,0x00000000d8800000)
 ParOldGen       total 86016K, used 80894K [0x0000000082800000, 0x0000000087c00000, 0x00000000d6300000)
  object space 86016K, 94% used [0x0000000082800000,0x00000000876ff9d8,0x0000000087c00000)
 Metaspace       used 22186K, capacity 23148K, committed 23424K, reserved 1071104K
  class space    used 3080K, capacity 3331K, committed 3456K, reserved 1048576K

Card table byte_map: [0x0000000012460000,0x0000000012850000] byte_map_base: 0x000000001204c000

Marking Bits: (ParMarkBitMap*) 0x000000005ea75ce0
 Begin Bits: [0x0000000012ef0000, 0x0000000014e50000)
 End Bits:   [0x0000000014e50000, 0x0000000016db0000)

Polling page: 0x0000000000ff0000

CodeCache: size=245760Kb used=8426Kb max_used=8426Kb free=237333Kb
 bounds [0x00000000030a0000, 0x00000000038f0000, 0x00000000120a0000]
 total_blobs=3454 nmethods=2729 adapters=637
 compilation: enabled

Compilation events (10 events):
Event: 4.844 Thread 0x0000000017b5c000 2720       3       javafx.scene.Node::impl_isTreeVisible (8 bytes)
Event: 4.845 Thread 0x0000000017b5c000 nmethod 2720 0x00000000038d9490 code [0x00000000038d9620, 0x00000000038d9ad0]
Event: 4.845 Thread 0x0000000017b5c000 2721       3       java.util.AbstractCollection::containsAll (38 bytes)
Event: 4.845 Thread 0x0000000017b5c000 nmethod 2721 0x00000000038db210 code [0x00000000038db3c0, 0x00000000038db918]
Event: 4.845 Thread 0x0000000017b5c000 2722       3       com.sun.javafx.css.BitSet$1::hasNext (131 bytes)
Event: 4.845 Thread 0x0000000017b5c000 nmethod 2722 0x00000000038ddd10 code [0x00000000038ddea0, 0x00000000038de310]
Event: 4.846 Thread 0x0000000017b3d800 nmethod 2682 0x00000000038de550 code [0x00000000038de720, 0x00000000038df1e8]
Event: 4.846 Thread 0x0000000017b3d800 2695       4       javafx.scene.Node::getStyleableParent (5 bytes)
Event: 4.846 Thread 0x0000000017b5c000 2723       1       javafx.scene.layout.Region::access$1600 (5 bytes)
Event: 4.846 Thread 0x0000000017b5c000 nmethod 2723 0x00000000038daf50 code [0x00000000038db0a0, 0x00000000038db190]

GC Heap History (10 events):
Event: 4.522 GC heap before
{Heap before GC invocations=6 (full 2):
 PSYoungGen      total 37888K, used 1536K [0x00000000d6300000, 0x00000000d8d00000, 0x0000000100000000)
  eden space 32768K, 0% used [0x00000000d6300000,0x00000000d6300000,0x00000000d8300000)
  from space 5120K, 30% used [0x00000000d8800000,0x00000000d8980020,0x00000000d8d00000)
  to   space 5120K, 0% used [0x00000000d8300000,0x00000000d8300000,0x00000000d8800000)
 ParOldGen       total 86016K, used 81044K [0x0000000082800000, 0x0000000087c00000, 0x00000000d6300000)
  object space 86016K, 94% used [0x0000000082800000,0x0000000087725018,0x0000000087c00000)
 Metaspace       used 20680K, capacity 21434K, committed 21760K, reserved 1069056K
  class space    used 2743K, capacity 2970K, committed 3072K, reserved 1048576K
Event: 4.564 GC heap after
Heap after GC invocations=6 (full 2):
 PSYoungGen      total 37888K, used 0K [0x00000000d6300000, 0x00000000d8d00000, 0x0000000100000000)
  eden space 32768K, 0% used [0x00000000d6300000,0x00000000d6300000,0x00000000d8300000)
  from space 5120K, 0% used [0x00000000d8800000,0x00000000d8800000,0x00000000d8d00000)
  to   space 5120K, 0% used [0x00000000d8300000,0x00000000d8300000,0x00000000d8800000)
 ParOldGen       total 86016K, used 81248K [0x0000000082800000, 0x0000000087c00000, 0x00000000d6300000)
  object space 86016K, 94% used [0x0000000082800000,0x00000000877582b0,0x0000000087c00000)
 Metaspace       used 20680K, capacity 21434K, committed 21760K, reserved 1069056K
  class space    used 2743K, capacity 2970K, committed 3072K, reserved 1048576K
}
Event: 4.564 GC heap before
{Heap before GC invocations=7 (full 2):
 PSYoungGen      total 37888K, used 0K [0x00000000d6300000, 0x00000000d8d00000, 0x0000000100000000)
  eden space 32768K, 0% used [0x00000000d6300000,0x00000000d6300000,0x00000000d8300000)
  from space 5120K, 0% used [0x00000000d8800000,0x00000000d8800000,0x00000000d8d00000)
  to   space 5120K, 0% used [0x00000000d8300000,0x00000000d8300000,0x00000000d8800000)
 ParOldGen       total 86016K, used 81248K [0x0000000082800000, 0x0000000087c00000, 0x00000000d6300000)
  object space 86016K, 94% used [0x0000000082800000,0x00000000877582b0,0x0000000087c00000)
 Metaspace       used 20680K, capacity 21434K, committed 21760K, reserved 1069056K
  class space    used 2743K, capacity 2970K, committed 3072K, reserved 1048576K
Event: 4.565 GC heap after
Heap after GC invocations=7 (full 2):
 PSYoungGen      total 37888K, used 0K [0x00000000d6300000, 0x00000000d8d00000, 0x0000000100000000)
  eden space 32768K, 0% used [0x00000000d6300000,0x00000000d6300000,0x00000000d8300000)
  from space 5120K, 0% used [0x00000000d8300000,0x00000000d8300000,0x00000000d8800000)
  to   space 5120K, 0% used [0x00000000d8800000,0x00000000d8800000,0x00000000d8d00000)
 ParOldGen       total 86016K, used 81248K [0x0000000082800000, 0x0000000087c00000, 0x00000000d6300000)
  object space 86016K, 94% used [0x0000000082800000,0x00000000877582b0,0x0000000087c00000)
 Metaspace       used 20680K, capacity 21434K, committed 21760K, reserved 1069056K
  class space    used 2743K, capacity 2970K, committed 3072K, reserved 1048576K
}
Event: 4.565 GC heap before
{Heap before GC invocations=8 (full 3):
 PSYoungGen      total 37888K, used 0K [0x00000000d6300000, 0x00000000d8d00000, 0x0000000100000000)
  eden space 32768K, 0% used [0x00000000d6300000,0x00000000d6300000,0x00000000d8300000)
  from space 5120K, 0% used [0x00000000d8300000,0x00000000d8300000,0x00000000d8800000)
  to   space 5120K, 0% used [0x00000000d8800000,0x00000000d8800000,0x00000000d8d00000)
 ParOldGen       total 86016K, used 81248K [0x0000000082800000, 0x0000000087c00000, 0x00000000d6300000)
  object space 86016K, 94% used [0x0000000082800000,0x00000000877582b0,0x0000000087c00000)
 Metaspace       used 20680K, capacity 21434K, committed 21760K, reserved 1069056K
  class space    used 2743K, capacity 2970K, committed 3072K, reserved 1048576K
Event: 4.651 GC heap after
Heap after GC invocations=8 (full 3):
 PSYoungGen      total 37888K, used 0K [0x00000000d6300000, 0x00000000d8d00000, 0x0000000100000000)
  eden space 32768K, 0% used [0x00000000d6300000,0x00000000d6300000,0x00000000d8300000)
  from space 5120K, 0% used [0x00000000d8300000,0x00000000d8300000,0x00000000d8800000)
  to   space 5120K, 0% used [0x00000000d8800000,0x00000000d8800000,0x00000000d8d00000)
 ParOldGen       total 86016K, used 80690K [0x0000000082800000, 0x0000000087c00000, 0x00000000d6300000)
  object space 86016K, 93% used [0x0000000082800000,0x00000000876ccbd8,0x0000000087c00000)
 Metaspace       used 20607K, capacity 21316K, committed 21760K, reserved 1069056K
  class space    used 2729K, capacity 2945K, committed 3072K, reserved 1048576K
}
Event: 4.738 GC heap before
{Heap before GC invocations=9 (full 3):
 PSYoungGen      total 37888K, used 2457K [0x00000000d6300000, 0x00000000d8d00000, 0x0000000100000000)
  eden space 32768K, 7% used [0x00000000d6300000,0x00000000d6566748,0x00000000d8300000)
  from space 5120K, 0% used [0x00000000d8300000,0x00000000d8300000,0x00000000d8800000)
  to   space 5120K, 0% used [0x00000000d8800000,0x00000000d8800000,0x00000000d8d00000)
 ParOldGen       total 86016K, used 80690K [0x0000000082800000, 0x0000000087c00000, 0x00000000d6300000)
  object space 86016K, 93% used [0x0000000082800000,0x00000000876ccbd8,0x0000000087c00000)
 Metaspace       used 21508K, capacity 22262K, committed 22400K, reserved 1073152K
  class space    used 2915K, capacity 3122K, committed 3200K, reserved 1048576K
Event: 4.740 GC heap after
Heap after GC invocations=9 (full 3):
 PSYoungGen      total 37888K, used 320K [0x00000000d6300000, 0x00000000d8d00000, 0x0000000100000000)
  eden space 32768K, 0% used [0x00000000d6300000,0x00000000d6300000,0x00000000d8300000)
  from space 5120K, 6% used [0x00000000d8800000,0x00000000d8850000,0x00000000d8d00000)
  to   space 5120K, 0% used [0x00000000d8300000,0x00000000d8300000,0x00000000d8800000)
 ParOldGen       total 86016K, used 80690K [0x0000000082800000, 0x0000000087c00000, 0x00000000d6300000)
  object space 86016K, 93% used [0x0000000082800000,0x00000000876ccbd8,0x0000000087c00000)
 Metaspace       used 21508K, capacity 22262K, committed 22400K, reserved 1073152K
  class space    used 2915K, capacity 3122K, committed 3200K, reserved 1048576K
}
Event: 4.740 GC heap before
{Heap before GC invocations=10 (full 4):
 PSYoungGen      total 37888K, used 320K [0x00000000d6300000, 0x00000000d8d00000, 0x0000000100000000)
  eden space 32768K, 0% used [0x00000000d6300000,0x00000000d6300000,0x00000000d8300000)
  from space 5120K, 6% used [0x00000000d8800000,0x00000000d8850000,0x00000000d8d00000)
  to   space 5120K, 0% used [0x00000000d8300000,0x00000000d8300000,0x00000000d8800000)
 ParOldGen       total 86016K, used 80690K [0x0000000082800000, 0x0000000087c00000, 0x00000000d6300000)
  object space 86016K, 93% used [0x0000000082800000,0x00000000876ccbd8,0x0000000087c00000)
 Metaspace       used 21508K, capacity 22262K, committed 22400K, reserved 1073152K
  class space    used 2915K, capacity 3122K, committed 3200K, reserved 1048576K
Event: 4.779 GC heap after
Heap after GC invocations=10 (full 4):
 PSYoungGen      total 37888K, used 0K [0x00000000d6300000, 0x00000000d8d00000, 0x0000000100000000)
  eden space 32768K, 0% used [0x00000000d6300000,0x00000000d6300000,0x00000000d8300000)
  from space 5120K, 0% used [0x00000000d8800000,0x00000000d8800000,0x00000000d8d00000)
  to   space 5120K, 0% used [0x00000000d8300000,0x00000000d8300000,0x00000000d8800000)
 ParOldGen       total 86016K, used 80894K [0x0000000082800000, 0x0000000087c00000, 0x00000000d6300000)
  object space 86016K, 94% used [0x0000000082800000,0x00000000876ff9d8,0x0000000087c00000)
 Metaspace       used 21508K, capacity 22262K, committed 22400K, reserved 1071104K
  class space    used 2915K, capacity 3122K, committed 3200K, reserved 1048576K
}

Deoptimization events (10 events):
Event: 3.342 Thread 0x00000000197c7000 Uncommon trap: reason=bimorphic action=maybe_recompile pc=0x00000000036a944c method=com.sun.javafx.geom.Path2D$TxIterator.currentSegment([F)I @ 40
Event: 3.342 Thread 0x00000000197c7000 Uncommon trap: reason=bimorphic action=maybe_recompile pc=0x00000000036a944c method=com.sun.javafx.geom.Path2D$TxIterator.currentSegment([F)I @ 40
Event: 3.342 Thread 0x00000000197c7000 Uncommon trap: reason=bimorphic action=maybe_recompile pc=0x00000000036a944c method=com.sun.javafx.geom.Path2D$TxIterator.currentSegment([F)I @ 40
Event: 4.665 Thread 0x000000001982f000 Uncommon trap: reason=unstable_if action=reinterpret pc=0x00000000037a79a8 method=java.util.WeakHashMap.expungeStaleEntries()V @ 9
Event: 4.673 Thread 0x000000001982f000 Uncommon trap: reason=unstable_if action=reinterpret pc=0x00000000034d9474 method=java.lang.ref.SoftReference.get()Ljava/lang/Object; @ 6
Event: 4.706 Thread 0x000000001982f000 Uncommon trap: reason=unstable_if action=reinterpret pc=0x000000000367fb2c method=java.lang.ClassLoader.checkName(Ljava/lang/String;)Z @ 20
Event: 4.816 Thread 0x000000001982f000 Uncommon trap: reason=class_check action=maybe_recompile pc=0x000000000388bff8 method=javafx.scene.CssStyleHelper.getStyle(Ljavafx/css/Styleable;Ljava/lang/String;Lcom/sun/javafx/css/StyleMap;Ljava/util/Set;)Lcom/sun/javafx/css/CascadingStyle; @ 140
Event: 4.817 Thread 0x000000001982f000 Uncommon trap: reason=class_check action=maybe_recompile pc=0x000000000388bff8 method=javafx.scene.CssStyleHelper.getStyle(Ljavafx/css/Styleable;Ljava/lang/String;Lcom/sun/javafx/css/StyleMap;Ljava/util/Set;)Lcom/sun/javafx/css/CascadingStyle; @ 140
Event: 4.825 Thread 0x000000001982f000 Uncommon trap: reason=class_check action=maybe_recompile pc=0x000000000388bff8 method=javafx.scene.CssStyleHelper.getStyle(Ljavafx/css/Styleable;Ljava/lang/String;Lcom/sun/javafx/css/StyleMap;Ljava/util/Set;)Lcom/sun/javafx/css/CascadingStyle; @ 140
Event: 4.825 Thread 0x000000001982f000 Uncommon trap: reason=class_check action=maybe_recompile pc=0x000000000388bff8 method=javafx.scene.CssStyleHelper.getStyle(Ljavafx/css/Styleable;Ljava/lang/String;Lcom/sun/javafx/css/StyleMap;Ljava/util/Set;)Lcom/sun/javafx/css/CascadingStyle; @ 140

Classes redefined (0 events):
No events

Internal exceptions (10 events):
Event: 2.296 Thread 0x000000001982f000 Implicit null exception at 0x0000000003450f1b to 0x00000000034514f9
Event: 3.117 Thread 0x000000001982f000 Exception <a 'java/io/FileNotFoundException'> (0x00000000d7168c00) thrown at [C:\re\workspace\8-2-build-windows-amd64-cygwin\jdk8u211\12973\hotspot\src\share\vm\prims\jni.cpp, line 710]
Event: 3.154 Thread 0x000000001982f000 Exception <a 'java/io/FileNotFoundException'> (0x00000000d745e528) thrown at [C:\re\workspace\8-2-build-windows-amd64-cygwin\jdk8u211\12973\hotspot\src\share\vm\prims\jni.cpp, line 710]
Event: 3.175 Thread 0x000000001982f000 Exception <a 'java/io/FileNotFoundException'> (0x00000000d75087e8) thrown at [C:\re\workspace\8-2-build-windows-amd64-cygwin\jdk8u211\12973\hotspot\src\share\vm\prims\jni.cpp, line 710]
Event: 4.383 Thread 0x000000001982f000 Exception <a 'java/io/FileNotFoundException'> (0x00000000d7a0e5c0) thrown at [C:\re\workspace\8-2-build-windows-amd64-cygwin\jdk8u211\12973\hotspot\src\share\vm\prims\jni.cpp, line 710]
Event: 4.482 Thread 0x000000001982f000 Exception <a 'java/io/FileNotFoundException'> (0x00000000d63bc8a8) thrown at [C:\re\workspace\8-2-build-windows-amd64-cygwin\jdk8u211\12973\hotspot\src\share\vm\prims\jni.cpp, line 710]
Event: 4.496 Thread 0x000000001982f000 Exception <a 'java/io/FileNotFoundException'> (0x00000000d65db2e8) thrown at [C:\re\workspace\8-2-build-windows-amd64-cygwin\jdk8u211\12973\hotspot\src\share\vm\prims\jni.cpp, line 710]
Event: 4.513 Thread 0x000000001982f000 Exception <a 'java/io/FileNotFoundException'> (0x00000000d6691600) thrown at [C:\re\workspace\8-2-build-windows-amd64-cygwin\jdk8u211\12973\hotspot\src\share\vm\prims\jni.cpp, line 710]
Event: 4.520 Thread 0x000000001982f000 Exception <a 'java/io/FileNotFoundException'> (0x00000000d66d6748) thrown at [C:\re\workspace\8-2-build-windows-amd64-cygwin\jdk8u211\12973\hotspot\src\share\vm\prims\jni.cpp, line 710]
Event: 4.652 Thread 0x000000001982f000 Exception <a 'java/lang/OutOfMemoryError'> (0x0000000087504080) thrown at [C:\re\workspace\8-2-build-windows-amd64-cygwin\jdk8u211\12973\hotspot\src\share\vm\gc_interface/collectedHeap.inline.hpp, line 159]

Events (10 events):
Event: 4.829 loading class javafx/scene/effect/DropShadow$6
Event: 4.829 loading class javafx/scene/effect/DropShadow$6 done
Event: 4.829 loading class com/sun/javafx/effect/EffectDirtyBits
Event: 4.829 loading class com/sun/javafx/effect/EffectDirtyBits done
Event: 4.830 loading class com/sun/javafx/sg/prism/NGSVGPath
Event: 4.830 loading class com/sun/javafx/sg/prism/NGSVGPath done
Event: 4.830 loading class javafx/scene/shape/SVGPath$1
Event: 4.830 loading class javafx/scene/shape/SVGPath$1 done
Event: 4.831 loading class javafx/scene/shape/SVGPath$2
Event: 4.831 loading class javafx/scene/shape/SVGPath$2 done


Dynamic libraries:
0x00007ff6dc4d0000 - 0x00007ff6dc507000 	C:\Program Files\Java\jre1.8.0_211\bin\javaw.exe
0x00007ffd3aab0000 - 0x00007ffd3ac91000 	C:\WINDOWS\SYSTEM32\ntdll.dll
0x00007ffd38090000 - 0x00007ffd38141000 	C:\WINDOWS\System32\KERNEL32.DLL
0x00007ffd372c0000 - 0x00007ffd37533000 	C:\WINDOWS\System32\KERNELBASE.dll
0x00007ffd38ca0000 - 0x00007ffd38d41000 	C:\WINDOWS\System32\ADVAPI32.dll
0x00007ffd37f40000 - 0x00007ffd37fde000 	C:\WINDOWS\System32\msvcrt.dll
0x00007ffd38920000 - 0x00007ffd3897b000 	C:\WINDOWS\System32\sechost.dll
0x00007ffd38d50000 - 0x00007ffd38e74000 	C:\WINDOWS\System32\RPCRT4.dll
0x00007ffd389e0000 - 0x00007ffd38b70000 	C:\WINDOWS\System32\USER32.dll
0x00007ffd375f0000 - 0x00007ffd37610000 	C:\WINDOWS\System32\win32u.dll
0x00007ffd37fe0000 - 0x00007ffd38008000 	C:\WINDOWS\System32\GDI32.dll
0x00007ffd37da0000 - 0x00007ffd37f31000 	C:\WINDOWS\System32\gdi32full.dll
0x00007ffd36e80000 - 0x00007ffd36f1f000 	C:\WINDOWS\System32\msvcp_win.dll
0x00007ffd371c0000 - 0x00007ffd372b8000 	C:\WINDOWS\System32\ucrtbase.dll
0x00007ffd24a10000 - 0x00007ffd24c79000 	C:\WINDOWS\WinSxS\amd64_microsoft.windows.common-controls_6595b64144ccf1df_6.0.17134.829_none_fb46a5473061b9d5\COMCTL32.dll
0x00007ffd38e90000 - 0x00007ffd391b2000 	C:\WINDOWS\System32\combase.dll
0x00007ffd37d20000 - 0x00007ffd37d9a000 	C:\WINDOWS\System32\bcryptPrimitives.dll
0x00007ffd38150000 - 0x00007ffd3817d000 	C:\WINDOWS\System32\IMM32.DLL
0x000000005e090000 - 0x000000005e162000 	C:\Program Files\Java\jre1.8.0_211\bin\msvcr100.dll
0x000000005e250000 - 0x000000005eaf5000 	C:\Program Files\Java\jre1.8.0_211\bin\server\jvm.dll
0x00007ffd38e80000 - 0x00007ffd38e88000 	C:\WINDOWS\System32\PSAPI.DLL
0x00007ffd22bb0000 - 0x00007ffd22bb9000 	C:\WINDOWS\SYSTEM32\WSOCK32.dll
0x00007ffd34cb0000 - 0x00007ffd34cd3000 	C:\WINDOWS\SYSTEM32\WINMM.dll
0x00007ffd385d0000 - 0x00007ffd3863c000 	C:\WINDOWS\System32\WS2_32.dll
0x00007ffd24c90000 - 0x00007ffd24c9a000 	C:\WINDOWS\SYSTEM32\VERSION.dll
0x00007ffd34c40000 - 0x00007ffd34c6a000 	C:\WINDOWS\SYSTEM32\WINMMBASE.dll
0x00007ffd37540000 - 0x00007ffd37589000 	C:\WINDOWS\System32\cfgmgr32.dll
0x00007ffd2a370000 - 0x00007ffd2a37f000 	C:\Program Files\Java\jre1.8.0_211\bin\verify.dll
0x00007ffd227f0000 - 0x00007ffd22819000 	C:\Program Files\Java\jre1.8.0_211\bin\java.dll
0x00007ffd22ea0000 - 0x00007ffd22eb6000 	C:\Program Files\Java\jre1.8.0_211\bin\zip.dll
0x00007ffd39620000 - 0x00007ffd3aa60000 	C:\WINDOWS\System32\SHELL32.dll
0x00007ffd38520000 - 0x00007ffd385c9000 	C:\WINDOWS\System32\shcore.dll
0x00007ffd37610000 - 0x00007ffd37d1d000 	C:\WINDOWS\System32\windows.storage.dll
0x00007ffd38980000 - 0x00007ffd389d1000 	C:\WINDOWS\System32\shlwapi.dll
0x00007ffd36df0000 - 0x00007ffd36e01000 	C:\WINDOWS\System32\kernel.appcore.dll
0x00007ffd36e60000 - 0x00007ffd36e7f000 	C:\WINDOWS\System32\profapi.dll
0x00007ffd36e10000 - 0x00007ffd36e5c000 	C:\WINDOWS\System32\powrprof.dll
0x00007ffd36de0000 - 0x00007ffd36dea000 	C:\WINDOWS\System32\FLTLIB.DLL
0x0000000001360000 - 0x0000000001363000 	C:\Program Files\Java\jre1.8.0_211\bin\api-ms-win-core-console-l1-1-0.dll
0x0000000001370000 - 0x0000000001373000 	C:\Program Files\Java\jre1.8.0_211\bin\api-ms-win-core-datetime-l1-1-0.dll
0x0000000001380000 - 0x0000000001383000 	C:\Program Files\Java\jre1.8.0_211\bin\api-ms-win-core-debug-l1-1-0.dll
0x0000000001390000 - 0x0000000001393000 	C:\Program Files\Java\jre1.8.0_211\bin\api-ms-win-core-errorhandling-l1-1-0.dll
0x00000000013a0000 - 0x00000000013a4000 	C:\Program Files\Java\jre1.8.0_211\bin\api-ms-win-core-file-l1-1-0.dll
0x00000000013b0000 - 0x00000000013b3000 	C:\Program Files\Java\jre1.8.0_211\bin\api-ms-win-core-file-l1-2-0.dll
0x00000000013c0000 - 0x00000000013c3000 	C:\Program Files\Java\jre1.8.0_211\bin\api-ms-win-core-file-l2-1-0.dll
0x00000000013d0000 - 0x00000000013d3000 	C:\Program Files\Java\jre1.8.0_211\bin\api-ms-win-core-handle-l1-1-0.dll
0x00000000013e0000 - 0x00000000013e3000 	C:\Program Files\Java\jre1.8.0_211\bin\api-ms-win-core-heap-l1-1-0.dll
0x00000000013f0000 - 0x00000000013f3000 	C:\Program Files\Java\jre1.8.0_211\bin\api-ms-win-core-interlocked-l1-1-0.dll
0x0000000001410000 - 0x0000000001413000 	C:\Program Files\Java\jre1.8.0_211\bin\api-ms-win-core-libraryloader-l1-1-0.dll
0x0000000002dd0000 - 0x0000000002dd3000 	C:\Program Files\Java\jre1.8.0_211\bin\api-ms-win-core-localization-l1-2-0.dll
0x0000000002de0000 - 0x0000000002de3000 	C:\Program Files\Java\jre1.8.0_211\bin\api-ms-win-core-memory-l1-1-0.dll
0x0000000002df0000 - 0x0000000002df3000 	C:\Program Files\Java\jre1.8.0_211\bin\api-ms-win-core-namedpipe-l1-1-0.dll
0x0000000002e00000 - 0x0000000002e03000 	C:\Program Files\Java\jre1.8.0_211\bin\api-ms-win-core-processenvironment-l1-1-0.dll
0x0000000002e10000 - 0x0000000002e13000 	C:\Program Files\Java\jre1.8.0_211\bin\api-ms-win-core-processthreads-l1-1-0.dll
0x0000000002e20000 - 0x0000000002e23000 	C:\Program Files\Java\jre1.8.0_211\bin\api-ms-win-core-processthreads-l1-1-1.dll
0x0000000002e30000 - 0x0000000002e33000 	C:\Program Files\Java\jre1.8.0_211\bin\api-ms-win-core-profile-l1-1-0.dll
0x0000000002e40000 - 0x0000000002e43000 	C:\Program Files\Java\jre1.8.0_211\bin\api-ms-win-core-rtlsupport-l1-1-0.dll
0x0000000002e50000 - 0x0000000002e53000 	C:\Program Files\Java\jre1.8.0_211\bin\api-ms-win-core-string-l1-1-0.dll
0x0000000002e60000 - 0x0000000002e63000 	C:\Program Files\Java\jre1.8.0_211\bin\api-ms-win-core-synch-l1-1-0.dll
0x0000000002e70000 - 0x0000000002e73000 	C:\Program Files\Java\jre1.8.0_211\bin\api-ms-win-core-synch-l1-2-0.dll
0x0000000002e80000 - 0x0000000002e83000 	C:\Program Files\Java\jre1.8.0_211\bin\api-ms-win-core-sysinfo-l1-1-0.dll
0x0000000019a80000 - 0x0000000019a83000 	C:\Program Files\Java\jre1.8.0_211\bin\api-ms-win-core-timezone-l1-1-0.dll
0x0000000019a90000 - 0x0000000019a93000 	C:\Program Files\Java\jre1.8.0_211\bin\api-ms-win-core-util-l1-1-0.dll
0x0000000019aa0000 - 0x0000000019aa3000 	C:\Program Files\Java\jre1.8.0_211\bin\api-ms-win-crt-conio-l1-1-0.dll
0x0000000019ab0000 - 0x0000000019ab4000 	C:\Program Files\Java\jre1.8.0_211\bin\api-ms-win-crt-convert-l1-1-0.dll
0x0000000019ac0000 - 0x0000000019ac3000 	C:\Program Files\Java\jre1.8.0_211\bin\api-ms-win-crt-environment-l1-1-0.dll
0x0000000019ad0000 - 0x0000000019ad3000 	C:\Program Files\Java\jre1.8.0_211\bin\api-ms-win-crt-filesystem-l1-1-0.dll
0x0000000019ae0000 - 0x0000000019ae3000 	C:\Program Files\Java\jre1.8.0_211\bin\api-ms-win-crt-heap-l1-1-0.dll
0x0000000019af0000 - 0x0000000019af3000 	C:\Program Files\Java\jre1.8.0_211\bin\api-ms-win-crt-locale-l1-1-0.dll
0x0000000019b00000 - 0x0000000019b05000 	C:\Program Files\Java\jre1.8.0_211\bin\api-ms-win-crt-math-l1-1-0.dll
0x0000000019b10000 - 0x0000000019b15000 	C:\Program Files\Java\jre1.8.0_211\bin\api-ms-win-crt-multibyte-l1-1-0.dll
0x0000000019b20000 - 0x0000000019b30000 	C:\Program Files\Java\jre1.8.0_211\bin\api-ms-win-crt-private-l1-1-0.dll
0x0000000019b30000 - 0x0000000019b33000 	C:\Program Files\Java\jre1.8.0_211\bin\api-ms-win-crt-process-l1-1-0.dll
0x0000000019b40000 - 0x0000000019b44000 	C:\Program Files\Java\jre1.8.0_211\bin\api-ms-win-crt-runtime-l1-1-0.dll
0x0000000019b50000 - 0x0000000019b54000 	C:\Program Files\Java\jre1.8.0_211\bin\api-ms-win-crt-stdio-l1-1-0.dll
0x0000000019b60000 - 0x0000000019b64000 	C:\Program Files\Java\jre1.8.0_211\bin\api-ms-win-crt-string-l1-1-0.dll
0x0000000019b70000 - 0x0000000019b73000 	C:\Program Files\Java\jre1.8.0_211\bin\api-ms-win-crt-time-l1-1-0.dll
0x0000000019b80000 - 0x0000000019b83000 	C:\Program Files\Java\jre1.8.0_211\bin\api-ms-win-crt-utility-l1-1-0.dll
0x00007ffd00b50000 - 0x00007ffd00c46000 	C:\Program Files\Java\jre1.8.0_211\bin\ucrtbase.dll
0x00007ffd307b0000 - 0x00007ffd307c6000 	C:\Program Files\Java\jre1.8.0_211\bin\vcruntime140.dll
0x00007ffd033b0000 - 0x00007ffd0345a000 	C:\Program Files\Java\jre1.8.0_211\bin\msvcp140.dll
0x00007ffd13040000 - 0x00007ffd13094000 	C:\Program Files\Java\jre1.8.0_211\bin\concrt140.dll
0x00007ffd2a3a0000 - 0x00007ffd2a3c3000 	C:\Program Files\Java\jre1.8.0_211\bin\prism_d3d.dll
0x00007ffd2fd20000 - 0x00007ffd2feb7000 	C:\WINDOWS\system32\d3d9.dll
0x00007ffd353d0000 - 0x00007ffd353f9000 	C:\WINDOWS\SYSTEM32\dwmapi.dll
0x00007ffd34f90000 - 0x00007ffd35028000 	C:\WINDOWS\system32\uxtheme.dll
0x00007ffce2cd0000 - 0x00007ffce6529000 	C:\WINDOWS\System32\DriverStore\FileRepository\igdlh64.inf_amd64_df98ac6377f05dfe\igdumdim64.dll
0x00007ffd38b70000 - 0x00007ffd38c32000 	C:\WINDOWS\System32\OLEAUT32.dll
0x00007ffd387c0000 - 0x00007ffd38911000 	C:\WINDOWS\System32\ole32.dll
0x00007ffd391d0000 - 0x00007ffd3961b000 	C:\WINDOWS\System32\SETUPAPI.dll
0x00007ffd13290000 - 0x00007ffd132d9000 	C:\Program Files\Java\jre1.8.0_211\bin\glass.dll
0x00007ffd38280000 - 0x00007ffd3836d000 	C:\WINDOWS\System32\COMDLG32.dll
0x00007ffd38640000 - 0x00007ffd387b3000 	C:\WINDOWS\System32\MSCTF.dll
0x00007ffd2e080000 - 0x00007ffd2f682000 	C:\WINDOWS\System32\DriverStore\FileRepository\igdlh64.inf_amd64_df98ac6377f05dfe\igc64.dll
0x00007ffd17af0000 - 0x00007ffd17b04000 	C:\Program Files\Java\jre1.8.0_211\bin\javafx_font.dll
0x00007ffd27bc0000 - 0x00007ffd27edc000 	C:\WINDOWS\SYSTEM32\dwrite.dll
0x00007ffd134b0000 - 0x00007ffd134d4000 	C:\Program Files\Java\jre1.8.0_211\bin\sunec.dll
0x00007ffd16300000 - 0x00007ffd1631a000 	C:\Program Files\Java\jre1.8.0_211\bin\net.dll
0x00007ffd27f00000 - 0x00007ffd280c9000 	C:\WINDOWS\SYSTEM32\urlmon.dll
0x00007ffd285c0000 - 0x00007ffd28866000 	C:\WINDOWS\SYSTEM32\iertutil.dll
0x00007ffd367b0000 - 0x00007ffd367bb000 	C:\WINDOWS\SYSTEM32\CRYPTBASE.DLL
0x00007ffd365e0000 - 0x00007ffd36646000 	C:\WINDOWS\system32\mswsock.dll
0x00007ffd36370000 - 0x00007ffd363a8000 	C:\WINDOWS\SYSTEM32\IPHLPAPI.DLL
0x00007ffd391c0000 - 0x00007ffd391c8000 	C:\WINDOWS\System32\NSI.dll
0x00007ffd2a7a0000 - 0x00007ffd2a7b6000 	C:\WINDOWS\SYSTEM32\dhcpcsvc6.DLL
0x00007ffd2a960000 - 0x00007ffd2a97a000 	C:\WINDOWS\SYSTEM32\dhcpcsvc.DLL
0x00007ffd1cc30000 - 0x00007ffd1cc42000 	C:\Program Files\Java\jre1.8.0_211\bin\nio.dll
0x00007ffd36790000 - 0x00007ffd367a7000 	C:\WINDOWS\SYSTEM32\CRYPTSP.dll
0x00007ffd361d0000 - 0x00007ffd36203000 	C:\WINDOWS\system32\rsaenh.dll
0x00007ffd36920000 - 0x00007ffd36945000 	C:\WINDOWS\SYSTEM32\bcrypt.dll
0x00007ffd36cc0000 - 0x00007ffd36ce8000 	C:\WINDOWS\SYSTEM32\USERENV.dll
0x00007ffd307a0000 - 0x00007ffd307ab000 	C:\Program Files\Java\jre1.8.0_211\bin\sunmscapi.dll
0x00007ffd36f20000 - 0x00007ffd37102000 	C:\WINDOWS\System32\CRYPT32.dll
0x00007ffd36dc0000 - 0x00007ffd36dd2000 	C:\WINDOWS\System32\MSASN1.dll
0x00007ffd363b0000 - 0x00007ffd3646e000 	C:\WINDOWS\SYSTEM32\DNSAPI.dll
0x00007ffd27bb0000 - 0x00007ffd27bba000 	C:\Windows\System32\rasadhlp.dll
0x00007ffd280e0000 - 0x00007ffd28152000 	C:\WINDOWS\System32\fwpuclnt.dll
0x00007ffd381e0000 - 0x00007ffd38280000 	C:\WINDOWS\System32\clbcatq.dll
0x00007ffd32c90000 - 0x00007ffd32e3e000 	C:\WINDOWS\SYSTEM32\WindowsCodecs.dll
0x00007ffd0ea50000 - 0x00007ffd0eaa8000 	C:\WINDOWS\system32\dataexchange.dll
0x00007ffd33320000 - 0x00007ffd3362b000 	C:\WINDOWS\system32\d3d11.dll
0x00007ffd34240000 - 0x00007ffd343dc000 	C:\WINDOWS\system32\dcomp.dll
0x00007ffd35b90000 - 0x00007ffd35c4b000 	C:\WINDOWS\system32\dxgi.dll
0x00007ffd35210000 - 0x00007ffd353c8000 	C:\WINDOWS\system32\twinapi.appcore.dll
0x00007ffd351e0000 - 0x00007ffd35209000 	C:\WINDOWS\system32\RMCLIENT.dll
0x00007ffd17c90000 - 0x00007ffd17cc4000 	C:\Program Files\Common Files\Microsoft Shared\Ink\rtscom.dll
0x00007ffd29b40000 - 0x00007ffd29bd6000 	C:\WINDOWS\System32\TextInputFramework.dll
0x00007ffd32780000 - 0x00007ffd32a9e000 	C:\WINDOWS\System32\CoreUIComponents.dll

VM Arguments:
jvm_args: -Dfile.encoding=Cp1252 
java_command: Main.Driver
java_class_path (initial): C:\Program Files\Java\jre1.8.0_211\lib\resources.jar;C:\Program Files\Java\jre1.8.0_211\lib\rt.jar;C:\Program Files\Java\jre1.8.0_211\lib\jsse.jar;C:\Program Files\Java\jre1.8.0_211\lib\jce.jar;C:\Program Files\Java\jre1.8.0_211\lib\charsets.jar;C:\Program Files\Java\jre1.8.0_211\lib\jfr.jar;C:\Program Files\Java\jre1.8.0_211\lib\ext\access-bridge-64.jar;C:\Program Files\Java\jre1.8.0_211\lib\ext\cldrdata.jar;C:\Program Files\Java\jre1.8.0_211\lib\ext\dnsns.jar;C:\Program Files\Java\jre1.8.0_211\lib\ext\jaccess.jar;C:\Program Files\Java\jre1.8.0_211\lib\ext\jfxrt.jar;C:\Program Files\Java\jre1.8.0_211\lib\ext\localedata.jar;C:\Program Files\Java\jre1.8.0_211\lib\ext\nashorn.jar;C:\Program Files\Java\jre1.8.0_211\lib\ext\sunec.jar;C:\Program Files\Java\jre1.8.0_211\lib\ext\sunjce_provider.jar;C:\Program Files\Java\jre1.8.0_211\lib\ext\sunmscapi.jar;C:\Program Files\Java\jre1.8.0_211\lib\ext\sunpkcs11.jar;C:\Program Files\Java\jre1.8.0_211\lib\ext\zipfs.jar;C:\Users\Andrew\git\PlayerX\bin
Launcher Type: SUN_STANDARD

Environment Variables:
PATH=C:/Program Files/Java/jre1.8.0_211/bin/server;C:/Program Files/Java/jre1.8.0_211/bin;C:/Program Files/Java/jre1.8.0_211/lib/amd64;C:\Program Files (x86)\Common Files\Oracle\Java\javapath;C:\Program Files (x86)\Intel\iCLS Client\;C:\Program Files\Intel\iCLS Client\;C:\WINDOWS\system32;C:\WINDOWS;C:\WINDOWS\System32\Wbem;C:\WINDOWS\System32\WindowsPowerShell\v1.0\;C:\Program Files (x86)\Intel\Intel(R) Management Engine Components\DAL;C:\Program Files\Intel\Intel(R) Management Engine Components\DAL;C:\Program Files (x86)\Intel\Intel(R) Management Engine Components\IPT;C:\Program Files\Intel\Intel(R) Management Engine Components\IPT;C:\Program Files\Intel\WiFi\bin\;C:\Program Files\Common Files\Intel\WirelessCommon\;C:\WINDOWS\System32\OpenSSH\;C:\Program Files\PuTTY\;C:\Program Files (x86)\PharosSystems\Core;C:\Program Files\Git\cmd;C:\Users\Andrew\AppData\Local\Microsoft\WindowsApps;;C:\Users\Andrew\Desktop;
USERNAME=Andrew
OS=Windows_NT
PROCESSOR_IDENTIFIER=Intel64 Family 6 Model 142 Stepping 9, GenuineIntel



---------------  S Y S T E M  ---------------

OS: Windows 10.0 , 64 bit Build 17134 (10.0.17134.753)

CPU:total 4 (initial active 4) (2 cores per cpu, 2 threads per core) family 6 model 142 stepping 9, cmov, cx8, fxsr, mmx, sse, sse2, sse3, ssse3, sse4.1, sse4.2, popcnt, avx, avx2, aes, clmul, erms, 3dnowpref, lzcnt, ht, tsc, tscinvbit, bmi1, bmi2, adx

Memory: 4k page, physical 8219364k(1673876k free), swap 33385188k(5124k free)

vm_info: Java HotSpot(TM) 64-Bit Server VM (25.211-b12) for windows-amd64 JRE (1.8.0_211-b12), built on Apr  1 2019 20:53:26 by "java_re" with MS VC++ 10.0 (VS2010)

time: Thu Jul 11 00:16:56 2019
timezone: Central Daylight Time
elapsed time: 4 seconds (0d 0h 0m 4s)

